time="2026-03-20T12:03:45+09:00" level=info msg="Incoming Request" ip="::1" method=GET path=/api/posts
time="2026-03-20T12:03:45+09:00" level=info msg="Incoming Request" ip="::1" method=GET path=/api/posts
time="2026-03-20T12:03:56+09:00" level=info msg="Incoming Request" ip="::1" method=GET path=/api/posts
time="2026-03-20T12:03:56+09:00" level=info msg="Incoming Request" ip="::1" method=GET path=/api/posts
time="2026-03-20T13:39:56+09:00" level=info msg="Incoming Request" ip="::1" method=GET path=/api/posts
time="2026-03-20T13:39:56+09:00" level=info msg="Incoming Request" ip="::1" method=GET path=/api/posts
time="2026-03-20T13:45:38+09:00" level=info msg="Incoming Request" ip="::1" method=GET path=/api/posts
time="2026-03-20T13:45:38+09:00" level=info msg="Incoming Request" ip="::1" method=GET path=/api/posts
time="2026-03-20T13:47:38+09:00" level=info msg="Incoming Request" ip="::1" method=GET path=/api/posts
time="2026-03-20T13:47:38+09:00" level=info msg="Incoming Request" ip="::1" method=GET path=/api/posts
time="2026-03-20T13:49:04+09:00" level=info msg="Incoming Request" ip="::1" method=GET path=/api/posts
time="2026-03-20T13:49:04+09:00" level=info msg="Incoming Request" ip="::1" method=GET path=/api/posts
time="2026-03-20T13:52:27+09:00" level=info msg="Incoming Request" ip="::1" method=GET path=/api/posts
time="2026-03-20T13:52:27+09:00" level=info msg="Incoming Request" ip="::1" method=GET path=/api/posts
time="2026-03-20T13:55:51+09:00" level=info msg="Incoming Request" ip="::1" method=GET path=/api/posts
time="2026-03-20T13:55:51+09:00" level=info msg="Incoming Request" ip="::1" method=GET path=/api/posts
time="2026-03-20T13:59:22+09:00" level=info msg="Incoming Request" ip="::1" method=GET path=/api/posts
time="2026-03-20T13:59:22+09:00" level=info msg="Incoming Request" ip="::1" method=GET path=/api/posts
time="2026-03-20T13:59:25+09:00" level=info msg="Incoming Request" ip="::1" method=GET path=/api/posts
time="2026-03-20T13:59:25+09:00" level=info msg="Incoming Request" ip="::1" method=GET path=/api/posts
time="2026-03-20T13:59:27+09:00" level=info msg="Incoming Request" ip="::1" method=GET path=/api/posts
time="2026-03-20T13:59:27+09:00" level=info msg="Incoming Request" ip="::1" method=GET path=/api/posts
time="2026-03-20T13:59:30+09:00" level=info msg="Incoming Request" ip="::1" method=GET path=/api/posts/1
time="2026-03-20T13:59:30+09:00" level=info msg="Incoming Request" ip="::1" method=GET path=/api/posts/1
time="2026-03-20T14:18:05+09:00" level=info msg="Incoming Request" ip="::1" method=GET path=/api/posts
time="2026-03-20T14:18:05+09:00" level=info msg="Incoming Request" ip="::1" method=GET path=/api/posts
time="2026-03-20T14:18:57+09:00" level=info msg="Incoming Request" ip="::1" method=GET path=/api/posts
time="2026-03-20T14:18:57+09:00" level=info msg="Incoming Request" ip="::1" method=GET path=/api/posts
time="2026-03-20T14:20:58+09:00" level=info msg="Incoming Request" ip="::1" method=GET path=/api/posts
time="2026-03-20T14:20:58+09:00" level=info msg="Incoming Request" ip="::1" method=GET path=/api/posts
time="2026-03-20T14:21:05+09:00" level=info msg="Incoming Request" ip="::1" method=GET path=/api/me
time="2026-03-20T14:21:05+09:00" level=info msg="Incoming Request" ip="::1" method=GET path=/api/me
time="2026-03-20T14:25:05+09:00" level=info msg="Incoming Request" ip="::1" method=GET path=/api/posts
time="2026-03-20T14:25:05+09:00" level=info msg="Incoming Request" ip="::1" method=GET path=/api/posts
time="2026-03-20T14:25:06+09:00" level=info msg="Incoming Request" ip="::1" method=GET path=/api/posts/1
time="2026-03-20T14:25:06+09:00" level=info msg="Incoming Request" ip="::1" method=GET path=/api/posts/1
time="2026-03-20T14:25:21+09:00" level=info msg="Incoming Request" ip="::1" method=GET path=/api/me
time="2026-03-20T14:25:21+09:00" level=info msg="Incoming Request" ip="::1" method=GET path=/api/me
time="2026-03-20T14:27:04+09:00" level=info msg="Incoming Request" ip="::1" method=POST path=/api/posts
time="2026-03-20T14:27:04+09:00" level=info msg="Incoming Request" ip="::1" method=POST path=/api/posts
time="2026-03-20T14:44:40+09:00" level=info msg="Incoming Request" ip="::1" method=GET path=/api/posts
time="2026-03-20T14:44:40+09:00" level=info msg="Incoming Request" ip="::1" method=GET path=/api/posts
time="2026-03-20T14:44:44+09:00" level=info msg="Incoming Request" ip="::1" method=POST path=/api/posts
time="2026-03-20T14:44:44+09:00" level=info msg="Incoming Request" ip="::1" method=POST path=/api/posts
time="2026-03-20T15:00:20+09:00" level=info msg="Incoming Request" ip="::1" method=GET path=/api/posts
time="2026-03-20T15:00:20+09:00" level=info msg="Incoming Request" ip="::1" method=GET path=/api/posts
time="2026-03-20T15:09:46+09:00" level=info msg="Incoming Request" ip="::1" method=GET path=/api/posts
time="2026-03-20T15:09:46+09:00" level=info msg="Incoming Request" ip="::1" method=GET path=/api/posts
time="2026-03-20T15:09:52+09:00" level=info msg="Incoming Request" ip="::1" method=GET path=/api/posts
time="2026-03-20T15:09:52+09:00" level=info msg="Incoming Request" ip="::1" method=GET path=/api/posts
time="2026-03-20T15:09:59+09:00" level=info msg="Incoming Request" ip="::1" method=GET path=/api/me
time="2026-03-20T15:09:59+09:00" level=info msg="Incoming Request" ip="::1" method=GET path=/api/me
time="2026-03-20T15:10:05+09:00" level=info msg="Incoming Request" ip="::1" method=GET path=/api/posts
time="2026-03-20T15:10:05+09:00" level=info msg="Incoming Request" ip="::1" method=GET path=/api/posts
time="2026-03-20T15:15:29+09:00" level=info msg="Incoming Request" ip="::1" method=GET path=/api/posts
time="2026-03-20T15:15:29+09:00" level=info msg="Incoming Request" ip="::1" method=GET path=/api/posts
time="2026-03-20T15:15:32+09:00" level=info msg="Incoming Request" ip="::1" method=GET path=/api/posts
time="2026-03-20T15:15:32+09:00" level=info msg="Incoming Request" ip="::1" method=GET path=/api/posts
time="2026-03-20T15:43:08+09:00" level=info msg="Incoming Request" ip="::1" method=GET path=/api/posts
time="2026-03-20T15:43:08+09:00" level=info msg="Incoming Request" ip="::1" method=GET path=/api/posts
time="2026-03-20T15:44:02+09:00" level=info msg="Incoming Request" ip="::1" method=GET path=/api/posts
time="2026-03-20T15:44:02+09:00" level=info msg="Incoming Request" ip="::1" method=GET path=/api/posts
time="2026-03-20T15:54:41+09:00" level=info msg="Incoming Request" ip="::1" method=GET path=/api/posts
time="2026-03-20T15:54:41+09:00" level=info msg="Incoming Request" ip="::1" method=GET path=/api/posts
time="2026-03-20T15:57:22+09:00" level=info msg="Incoming Request" ip="::1" method=GET path=/api/posts
time="2026-03-20T15:57:22+09:00" level=info msg="Incoming Request" ip="::1" method=GET path=/api/posts
time="2026-03-20T15:59:32+09:00" level=info msg="Incoming Request" ip="::1" method=GET path=/api/posts
time="2026-03-20T15:59:32+09:00" level=info msg="Incoming Request" ip="::1" method=GET path=/api/posts
time="2026-03-20T15:59:35+09:00" level=info msg="Incoming Request" ip="::1" method=GET path=/api/me
time="2026-03-20T15:59:35+09:00" level=info msg="Incoming Request" ip="::1" method=GET path=/api/me
time="2026-03-20T15:59:42+09:00" level=info msg="Incoming Request" ip="::1" method=GET path=/api/posts
time="2026-03-20T15:59:42+09:00" level=info msg="Incoming Request" ip="::1" method=GET path=/api/posts
time="2026-03-20T15:59:44+09:00" level=info msg="Incoming Request" ip="::1" method=GET path=/api/me
time="2026-03-20T15:59:44+09:00" level=info msg="Incoming Request" ip="::1" method=GET path=/api/me
time="2026-03-20T15:59:52+09:00" level=info msg="Incoming Request" ip="::1" method=GET path=/api/posts
time="2026-03-20T15:59:52+09:00" level=info msg="Incoming Request" ip="::1" method=GET path=/api/posts
time="2026-03-20T15:59:54+09:00" level=info msg="Incoming Request" ip="::1" method=GET path=/api/posts
time="2026-03-20T15:59:54+09:00" level=info msg="Incoming Request" ip="::1" method=GET path=/api/posts
time="2026-03-20T15:59:58+09:00" level=info msg="Incoming Request" ip="::1" method=GET path=/api/posts/1
time="2026-03-20T15:59:58+09:00" level=info msg="Incoming Request" ip="::1" method=GET path=/api/posts/1
time="2026-03-20T16:00:01+09:00" level=info msg="Incoming Request" ip="::1" method=DELETE path=/api/posts/1
time="2026-03-20T16:00:01+09:00" level=info msg="Incoming Request" ip="::1" method=DELETE path=/api/posts/1
time="2026-03-20T16:00:01+09:00" level=info msg="Incoming Request" ip="::1" method=GET path=/api/posts
time="2026-03-20T16:00:01+09:00" level=info msg="Incoming Request" ip="::1" method=GET path=/api/posts
time="2026-03-20T16:00:11+09:00" level=info msg="Incoming Request" ip="::1" method=GET path=/api/posts
time="2026-03-20T16:00:11+09:00" level=info msg="Incoming Request" ip="::1" method=GET path=/api/posts
time="2026-03-20T16:01:51+09:00" level=info msg="Incoming Request" ip="::1" method=GET path=/api/posts
time="2026-03-20T16:01:51+09:00" level=info msg="Incoming Request" ip="::1" method=GET path=/api/posts
time="2026-03-20T16:02:24+09:00" level=info msg="Incoming Request" ip="::1" method=POST path=/api/posts
time="2026-03-20T16:02:24+09:00" level=info msg="Incoming Request" ip="::1" method=POST path=/api/posts
time="2026-03-20T16:05:14+09:00" level=info msg="Incoming Request" ip="::1" method=POST path=/api/posts
time="2026-03-20T16:05:14+09:00" level=info msg="Incoming Request" ip="::1" method=POST path=/api/posts
time="2026-03-20T16:05:16+09:00" level=info msg="Incoming Request" ip="::1" method=POST path=/api/posts
time="2026-03-20T16:05:16+09:00" level=info msg="Incoming Request" ip="::1" method=POST path=/api/posts
time="2026-03-20T16:05:18+09:00" level=info msg="Incoming Request" ip="::1" method=GET path=/api/posts
time="2026-03-20T16:05:18+09:00" level=info msg="Incoming Request" ip="::1" method=GET path=/api/posts
time="2026-03-20T16:05:20+09:00" level=info msg="Incoming Request" ip="::1" method=POST path=/api/posts
time="2026-03-20T16:05:20+09:00" level=info msg="Incoming Request" ip="::1" method=POST path=/api/posts
time="2026-03-20T16:05:20+09:00" level=info msg="Incoming Request" ip="::1" method=POST path=/api/posts
time="2026-03-20T16:05:20+09:00" level=info msg="Incoming Request" ip="::1" method=POST path=/api/posts
time="2026-03-20T16:06:10+09:00" level=info msg="Incoming Request" ip="::1" method=GET path=/api/posts
time="2026-03-20T16:06:10+09:00" level=info msg="Incoming Request" ip="::1" method=GET path=/api/posts
time="2026-03-20T16:06:12+09:00" level=info msg="Incoming Request" ip="::1" method=POST path=/api/posts
time="2026-03-20T16:06:12+09:00" level=info msg="Incoming Request" ip="::1" method=POST path=/api/posts
time="2026-03-20T16:06:16+09:00" level=info msg="Incoming Request" ip="::1" method=GET path=/api/posts
time="2026-03-20T16:06:16+09:00" level=info msg="Incoming Request" ip="::1" method=GET path=/api/posts
time="2026-03-20T16:06:17+09:00" level=info msg="Incoming Request" ip="::1" method=GET path=/api/posts
time="2026-03-20T16:06:17+09:00" level=info msg="Incoming Request" ip="::1" method=GET path=/api/posts
time="2026-03-20T16:06:18+09:00" level=info msg="Incoming Request" ip="::1" method=GET path=/api/posts
time="2026-03-20T16:06:18+09:00" level=info msg="Incoming Request" ip="::1" method=GET path=/api/posts
time="2026-03-20T16:06:20+09:00" level=info msg="Incoming Request" ip="::1" method=GET path=/api/posts
time="2026-03-20T16:06:20+09:00" level=info msg="Incoming Request" ip="::1" method=GET path=/api/posts
time="2026-03-20T16:06:20+09:00" level=info msg="Incoming Request" ip="::1" method=GET path=/api/posts
time="2026-03-20T16:06:20+09:00" level=info msg="Incoming Request" ip="::1" method=GET path=/api/posts
time="2026-03-20T16:18:25+09:00" level=info msg="Incoming Request" ip="::1" method=GET path=/api/posts
time="2026-03-20T16:18:25+09:00" level=info msg="Incoming Request" ip="::1" method=GET path=/api/posts
time="2026-03-20T16:18:43+09:00" level=info msg="Incoming Request" ip="::1" method=POST path=/api/posts
time="2026-03-20T16:18:43+09:00" level=info msg="Incoming Request" ip="::1" method=POST path=/api/posts
time="2026-03-20T16:18:49+09:00" level=info msg="Incoming Request" ip="::1" method=GET path=/api/posts
time="2026-03-20T16:18:49+09:00" level=info msg="Incoming Request" ip="::1" method=GET path=/api/posts
time="2026-03-20T16:19:00+09:00" level=info msg="Incoming Request" ip="::1" method=POST path=/api/posts
time="2026-03-20T16:19:00+09:00" level=info msg="Incoming Request" ip="::1" method=POST path=/api/posts
time="2026-03-20T16:19:01+09:00" level=info msg="Incoming Request" ip="::1" method=POST path=/api/posts
time="2026-03-20T16:19:01+09:00" level=info msg="Incoming Request" ip="::1" method=POST path=/api/posts
time="2026-03-20T16:20:31+09:00" level=info msg="Incoming Request" ip="::1" method=GET path=/api/posts
time="2026-03-20T16:20:31+09:00" level=info msg="Incoming Request" ip="::1" method=GET path=/api/posts
time="2026-03-20T16:20:59+09:00" level=info msg="Incoming Request" ip="::1" method=GET path=/api/me
time="2026-03-20T16:20:59+09:00" level=info msg="Incoming Request" ip="::1" method=GET path=/api/me
time="2026-03-20T16:21:15+09:00" level=info msg="Incoming Request" ip="::1" method=GET path=/api/posts
time="2026-03-20T16:21:15+09:00" level=info msg="Incoming Request" ip="::1" method=GET path=/api/posts
